============================= test session starts ==============================
platform linux -- Python 3.12.3, pytest-8.0.0, pluggy-1.5.0 -- /home/bence/Codes/clinic/scheduler/backend/venv/bin/python3
cachedir: .pytest_cache
rootdir: /home/bence/Codes/clinic/scheduler/backend
plugins: cov-4.1.0, asyncio-0.23.5, anyio-3.7.1
asyncio: mode=Mode.STRICT
collecting ... collected 8 items

tests/services/test_holiday_service.py::test_create_holiday PASSED       [ 12%]
tests/services/test_holiday_service.py::test_create_multi_day_holiday PASSED [ 25%]
tests/services/test_holiday_service.py::test_bulk_create_holidays PASSED [ 37%]
tests/services/test_holiday_service.py::test_get_holiday PASSED          [ 50%]
tests/services/test_holiday_service.py::test_get_holidays_by_date_range PASSED [ 62%]
tests/services/test_holiday_service.py::test_get_holidays_by_year PASSED [ 75%]
tests/services/test_holiday_service.py::test_update_holiday PASSED       [ 87%]
tests/services/test_holiday_service.py::test_delete_holiday PASSED       [100%]

============================== 8 passed in 0.64s ===============================
